<?xml version="1.0" encoding="UTF-8"?>
<!-- Generated by org.testng.reporters.JUnitReportReporter -->
<testsuite skipped="0" hostname="LAPTOP-UBUFR3T2" name="MCTLoginTest.LoginTest" tests="1" failures="0" timestamp="20 Jan 2020 09:26:48 GMT" time="11.112" errors="0">
  <testcase name="LoginTestSc" time="11.112" classname="MCTLoginTest.LoginTest"/>
</testsuite> <!-- MCTLoginTest.LoginTest -->
